src/index.ts(111,5): error TS2769: No overload matches this call.
  Overload 2 of 6, '(name: string, paramsSchema: ZodRawShapeCompat, annotations: { title?: string | undefined; readOnlyHint?: boolean | undefined; destructiveHint?: boolean | undefined; idempotentHint?: boolean | undefined; openWorldHint?: boolean | undefined; }, cb: (args: ShapeOutput<...>, extra: RequestHandlerExtra<...>) => { ...; } | Promise<...>): RegisteredTool', gave the following error.
    Argument of type 'string' is not assignable to parameter of type 'ZodRawShapeCompat'.
src/index.ts(168,8): error TS2769: No overload matches this call.
  Overload 1 of 6, '(name: string, description: string, paramsSchemaOrAnnotations: ZodRawShapeCompat | { title?: string | undefined; readOnlyHint?: boolean | undefined; destructiveHint?: boolean | undefined; idempotentHint?: boolean | undefined; openWorldHint?: boolean | undefined; }, cb: (args: ShapeOutput<...>, extra: RequestHandlerExtra<...>) => { ...; } | Promise<...>): RegisteredTool', gave the following error.
    Type 'ZodString' is not assignable to type 'AnySchema'.
      Type 'ZodString' is missing the following properties from type 'ZodType<any, any, any>': "~standard", "~validate"
  Overload 2 of 6, '(name: string, paramsSchema: ZodRawShapeCompat, annotations: { title?: string | undefined; readOnlyHint?: boolean | undefined; destructiveHint?: boolean | undefined; idempotentHint?: boolean | undefined; openWorldHint?: boolean | undefined; }, cb: (args: ShapeOutput<...>, extra: RequestHandlerExtra<...>) => { ...; } | Promise<...>): RegisteredTool', gave the following error.
    Argument of type 'string' is not assignable to parameter of type 'ZodRawShapeCompat'.
src/index.ts(194,5): error TS2769: No overload matches this call.
  Overload 2 of 6, '(name: string, paramsSchema: ZodRawShapeCompat, annotations: { title?: string | undefined; readOnlyHint?: boolean | undefined; destructiveHint?: boolean | undefined; idempotentHint?: boolean | undefined; openWorldHint?: boolean | undefined; }, cb: (args: ShapeOutput<...>, extra: RequestHandlerExtra<...>) => { ...; } | Promise<...>): RegisteredTool', gave the following error.
    Argument of type 'string' is not assignable to parameter of type 'ZodRawShapeCompat'.
src/index.ts(223,8): error TS2769: No overload matches this call.
  Overload 1 of 6, '(name: string, description: string, paramsSchemaOrAnnotations: ZodRawShapeCompat | { title?: string | undefined; readOnlyHint?: boolean | undefined; destructiveHint?: boolean | undefined; idempotentHint?: boolean | undefined; openWorldHint?: boolean | undefined; }, cb: (args: ShapeOutput<...>, extra: RequestHandlerExtra<...>) => { ...; } | Promise<...>): RegisteredTool', gave the following error.
    Type 'ZodString' is not assignable to type 'AnySchema'.
      Type 'ZodString' is missing the following properties from type 'ZodType<any, any, any>': "~standard", "~validate"
  Overload 2 of 6, '(name: string, paramsSchema: ZodRawShapeCompat, annotations: { title?: string | undefined; readOnlyHint?: boolean | undefined; destructiveHint?: boolean | undefined; idempotentHint?: boolean | undefined; openWorldHint?: boolean | undefined; }, cb: (args: ShapeOutput<...>, extra: RequestHandlerExtra<...>) => { ...; } | Promise<...>): RegisteredTool', gave the following error.
    Argument of type 'string' is not assignable to parameter of type 'ZodRawShapeCompat'.
src/index.ts(249,5): error TS2769: No overload matches this call.
  Overload 2 of 6, '(name: string, paramsSchema: ZodRawShapeCompat, annotations: { title?: string | undefined; readOnlyHint?: boolean | undefined; destructiveHint?: boolean | undefined; idempotentHint?: boolean | undefined; openWorldHint?: boolean | undefined; }, cb: (args: ShapeOutput<...>, extra: RequestHandlerExtra<...>) => { ...; } | Promise<...>): RegisteredTool', gave the following error.
    Argument of type 'string' is not assignable to parameter of type 'ZodRawShapeCompat'.
src/index.ts(276,5): error TS2769: No overload matches this call.
  Overload 2 of 6, '(name: string, paramsSchema: ZodRawShapeCompat, annotations: { title?: string | undefined; readOnlyHint?: boolean | undefined; destructiveHint?: boolean | undefined; idempotentHint?: boolean | undefined; openWorldHint?: boolean | undefined; }, cb: (args: ShapeOutput<...>, extra: RequestHandlerExtra<...>) => { ...; } | Promise<...>): RegisteredTool', gave the following error.
    Argument of type 'string' is not assignable to parameter of type 'ZodRawShapeCompat'.
src/index.ts(307,5): error TS2769: No overload matches this call.
  Overload 2 of 6, '(name: string, paramsSchema: ZodRawShapeCompat, annotations: { title?: string | undefined; readOnlyHint?: boolean | undefined; destructiveHint?: boolean | undefined; idempotentHint?: boolean | undefined; openWorldHint?: boolean | undefined; }, cb: (args: ShapeOutput<...>, extra: RequestHandlerExtra<...>) => { ...; } | Promise<...>): RegisteredTool', gave the following error.
    Argument of type 'string' is not assignable to parameter of type 'ZodRawShapeCompat'.
src/index.ts(350,5): error TS2769: No overload matches this call.
  Overload 2 of 6, '(name: string, paramsSchema: ZodRawShapeCompat, annotations: { title?: string | undefined; readOnlyHint?: boolean | undefined; destructiveHint?: boolean | undefined; idempotentHint?: boolean | undefined; openWorldHint?: boolean | undefined; }, cb: (args: ShapeOutput<...>, extra: RequestHandlerExtra<...>) => { ...; } | Promise<...>): RegisteredTool', gave the following error.
    Argument of type 'string' is not assignable to parameter of type 'ZodRawShapeCompat'.
src/index.ts(422,5): error TS2769: No overload matches this call.
  Overload 2 of 6, '(name: string, paramsSchema: ZodRawShapeCompat, annotations: { title?: string | undefined; readOnlyHint?: boolean | undefined; destructiveHint?: boolean | undefined; idempotentHint?: boolean | undefined; openWorldHint?: boolean | undefined; }, cb: (args: ShapeOutput<...>, extra: RequestHandlerExtra<...>) => { ...; } | Promise<...>): RegisteredTool', gave the following error.
    Argument of type 'string' is not assignable to parameter of type 'ZodRawShapeCompat'.
src/index.ts(512,5): error TS2769: No overload matches this call.
  Overload 2 of 6, '(name: string, paramsSchema: ZodRawShapeCompat, annotations: { title?: string | undefined; readOnlyHint?: boolean | undefined; destructiveHint?: boolean | undefined; idempotentHint?: boolean | undefined; openWorldHint?: boolean | undefined; }, cb: (args: ShapeOutput<...>, extra: RequestHandlerExtra<...>) => { ...; } | Promise<...>): RegisteredTool', gave the following error.
    Argument of type 'string' is not assignable to parameter of type 'ZodRawShapeCompat'.
src/index.ts(538,23): error TS7006: Parameter 'id' implicitly has an 'any' type.
src/index.ts(539,26): error TS7006: Parameter 'r' implicitly has an 'any' type.
src/index.ts(633,5): error TS2769: No overload matches this call.
  Overload 2 of 6, '(name: string, paramsSchema: ZodRawShapeCompat, annotations: { title?: string | undefined; readOnlyHint?: boolean | undefined; destructiveHint?: boolean | undefined; idempotentHint?: boolean | undefined; openWorldHint?: boolean | undefined; }, cb: (args: ShapeOutput<...>, extra: RequestHandlerExtra<...>) => { ...; } | Promise<...>): RegisteredTool', gave the following error.
    Argument of type 'string' is not assignable to parameter of type 'ZodRawShapeCompat'.
src/index.ts(657,5): error TS2769: No overload matches this call.
  Overload 2 of 6, '(name: string, paramsSchema: ZodRawShapeCompat, annotations: { title?: string | undefined; readOnlyHint?: boolean | undefined; destructiveHint?: boolean | undefined; idempotentHint?: boolean | undefined; openWorldHint?: boolean | undefined; }, cb: (args: ShapeOutput<...>, extra: RequestHandlerExtra<...>) => { ...; } | Promise<...>): RegisteredTool', gave the following error.
    Argument of type 'string' is not assignable to parameter of type 'ZodRawShapeCompat'.
src/index.ts(705,5): error TS2769: No overload matches this call.
  Overload 2 of 6, '(name: string, paramsSchema: ZodRawShapeCompat, annotations: { title?: string | undefined; readOnlyHint?: boolean | undefined; destructiveHint?: boolean | undefined; idempotentHint?: boolean | undefined; openWorldHint?: boolean | undefined; }, cb: (args: ShapeOutput<...>, extra: RequestHandlerExtra<...>) => { ...; } | Promise<...>): RegisteredTool', gave the following error.
    Argument of type 'string' is not assignable to parameter of type 'ZodRawShapeCompat'.
src/index.ts(825,8): error TS2769: No overload matches this call.
  Overload 1 of 6, '(name: string, description: string, paramsSchemaOrAnnotations: ZodRawShapeCompat | { title?: string | undefined; readOnlyHint?: boolean | undefined; destructiveHint?: boolean | undefined; idempotentHint?: boolean | undefined; openWorldHint?: boolean | undefined; }, cb: (args: ShapeOutput<...>, extra: RequestHandlerExtra<...>) => { ...; } | Promise<...>): RegisteredTool', gave the following error.
    Type 'ZodString' is not assignable to type 'AnySchema'.
      Type 'ZodString' is missing the following properties from type 'ZodType<any, any, any>': "~standard", "~validate"
  Overload 2 of 6, '(name: string, paramsSchema: ZodRawShapeCompat, annotations: { title?: string | undefined; readOnlyHint?: boolean | undefined; destructiveHint?: boolean | undefined; idempotentHint?: boolean | undefined; openWorldHint?: boolean | undefined; }, cb: (args: ShapeOutput<...>, extra: RequestHandlerExtra<...>) => { ...; } | Promise<...>): RegisteredTool', gave the following error.
    Argument of type 'string' is not assignable to parameter of type 'ZodRawShapeCompat'.
